<?xml version="1.0" encoding="UTF-8"?>
<testsuite xmlns:xsi="http://www.w3.org/2001/XMLSchema-instance" xsi:noNamespaceSchemaLocation="https://maven.apache.org/surefire/maven-surefire-plugin/xsd/surefire-test-report.xsd" version="3.0.2" name="com.cargopro.LoaderBooker.service.BookingServiceTest" time="3.374" tests="11" errors="0" skipped="0" failures="2">
  <properties>
[...]
</properties>
  <testcase name="testCreateBookingLoadNotFound" classname="com.cargopro.LoaderBooker.service.BookingServiceTest" time="3.049"/>
  <testcase name="testDeleteBookingSuccess" classname="com.cargopro.LoaderBooker.service.BookingServiceTest" time="0.024"/>
  <testcase name="testGetBookingByIdSuccess" classname="com.cargopro.LoaderBooker.service.BookingServiceTest" time="0.052"/>
  <testcase name="testGetBookingByIdNotFound" classname="com.cargopro.LoaderBooker.service.BookingServiceTest" time="0.009"/>
  <testcase name="testUpdateBookingSuccess_AcceptStatus" classname="com.cargopro.LoaderBooker.service.BookingServiceTest" time="0.052">
    <failure message="expected: &lt;1600.0&gt; but was: &lt;1500.0&gt;" type="org.opentest4j.AssertionFailedError"><![CDATA[org.opentest4j.AssertionFailedError: expected: <1600.0> but was: <1500.0>
	at org.junit.jupiter.api.AssertionFailureBuilder.build(AssertionFailureBuilder.java:151)
	at org.junit.jupiter.api.AssertionFailureBuilder.buildAndThrow(AssertionFailureBuilder.java:132)
	at org.junit.jupiter.api.AssertEquals.failNotEqual(AssertEquals.java:197)
	at org.junit.jupiter.api.AssertEquals.assertEquals(AssertEquals.java:182)
	at org.junit.jupiter.api.AssertEquals.assertEquals(AssertEquals.java:177)
	at org.junit.jupiter.api.Assertions.assertEquals(Assertions.java:898)
	at com.cargopro.LoaderBooker.service.BookingServiceTest.testUpdateBookingSuccess_AcceptStatus(BookingServiceTest.java:261)
	at java.base/java.lang.reflect.Method.invoke(Method.java:568)
	at java.base/java.util.ArrayList.forEach(ArrayList.java:1511)
	at java.base/java.util.ArrayList.forEach(ArrayList.java:1511)
]]></failure>
  </testcase>
  <testcase name="testUpdateBookingCannotChangeLoadId" classname="com.cargopro.LoaderBooker.service.BookingServiceTest" time="0.013"/>
  <testcase name="testDeleteBookingNotFound" classname="com.cargopro.LoaderBooker.service.BookingServiceTest" time="0.007"/>
  <testcase name="testGetAllBookings" classname="com.cargopro.LoaderBooker.service.BookingServiceTest" time="0.049"/>
  <testcase name="testUpdateBookingNotFound" classname="com.cargopro.LoaderBooker.service.BookingServiceTest" time="0.009"/>
  <testcase name="testCreateBookingForCancelledLoadFails" classname="com.cargopro.LoaderBooker.service.BookingServiceTest" time="0.008"/>
  <testcase name="testCreateBookingSuccess" classname="com.cargopro.LoaderBooker.service.BookingServiceTest" time="0.015">
    <failure message="expected: &lt;BOOKED&gt; but was: &lt;POSTED&gt;" type="org.opentest4j.AssertionFailedError"><![CDATA[org.opentest4j.AssertionFailedError: expected: <BOOKED> but was: <POSTED>
	at org.junit.jupiter.api.AssertionFailureBuilder.build(AssertionFailureBuilder.java:151)
	at org.junit.jupiter.api.AssertionFailureBuilder.buildAndThrow(AssertionFailureBuilder.java:132)
	at org.junit.jupiter.api.AssertEquals.failNotEqual(AssertEquals.java:197)
	at org.junit.jupiter.api.AssertEquals.assertEquals(AssertEquals.java:182)
	at org.junit.jupiter.api.AssertEquals.assertEquals(AssertEquals.java:177)
	at org.junit.jupiter.api.Assertions.assertEquals(Assertions.java:1145)
	at com.cargopro.LoaderBooker.service.BookingServiceTest.testCreateBookingSuccess(BookingServiceTest.java:156)
	at java.base/java.lang.reflect.Method.invoke(Method.java:568)
	at java.base/java.util.ArrayList.forEach(ArrayList.java:1511)
	at java.base/java.util.ArrayList.forEach(ArrayList.java:1511)
]]></failure>
  </testcase>
</testsuite>